<?xml version="1.0" encoding="UTF-8"?>
<testsuite name="ApiDifferentsTests" tests="1" skipped="0" failures="0" errors="0" timestamp="2024-09-22T14:10:30" hostname="DESKTOP-MD9C4IL" time="4.765">
  <properties/>
  <testcase name="deleteUserTest()" classname="ApiDifferentsTests" time="4.765"/>
  <system-out><![CDATA[Request method:	DELETE
Request URI:	https://reqres.in/api/users/2
Proxy:			<none>
Request params:	<none>
Query params:	<none>
Form params:	<none>
Path params:	<none>
Headers:		Accept=*/*
Cookies:		<none>
Multiparts:		<none>
Body:			<none>
HTTP/1.1 204 No Content
Date: Sun, 22 Sep 2024 14:10:34 GMT
Content-Length: 0
Connection: keep-alive
Report-To: {"group":"heroku-nel","max_age":3600,"endpoints":[{"url":"https://nel.heroku.com/reports?ts=1727014234&sid=c4c9725f-1ab0-44d8-820f-430df2718e11&s=LENT47QuznrSu%2Fc%2FlpEoQ5CRm%2Fa%2Bgz5ATFDtZdr5mfU%3D"}]}
Reporting-Endpoints: heroku-nel=https://nel.heroku.com/reports?ts=1727014234&sid=c4c9725f-1ab0-44d8-820f-430df2718e11&s=LENT47QuznrSu%2Fc%2FlpEoQ5CRm%2Fa%2Bgz5ATFDtZdr5mfU%3D
Nel: {"report_to":"heroku-nel","max_age":3600,"success_fraction":0.005,"failure_fraction":0.05,"response_headers":["Via"]}
X-Powered-By: Express
Access-Control-Allow-Origin: *
Etag: W/"2-vyGp6PvFo4RvsFtPoIWeCReyIC8"
Via: 1.1 vegur
CF-Cache-Status: DYNAMIC
Server: cloudflare
CF-RAY: 8c72e1152e5f6e95-PRG
]]></system-out>
  <system-err><![CDATA[]]></system-err>
</testsuite>
